<?xml version="1.0" encoding="UTF-8"?>
<testng-results skipped="0" failed="0" ignored="0" total="1" passed="1">
  <reporter-output>
  </reporter-output>
  <suite name="Default suite" duration-ms="24160" started-at="2018-10-27T11:28:50Z" finished-at="2018-10-27T11:29:14Z">
    <groups>
    </groups>
    <test name="Default test" duration-ms="24160" started-at="2018-10-27T11:28:50Z" finished-at="2018-10-27T11:29:14Z">
      <class name="sampleTest.SampleTest">
        <test-method status="PASS" signature="logintest()[pri:0, instance:sampleTest.SampleTest@3e57cd70]" name="logintest" duration-ms="24125" started-at="2018-10-27T11:28:50Z" finished-at="2018-10-27T11:29:14Z">
          <reporter-output>
          </reporter-output>
        </test-method> <!-- logintest -->
      </class> <!-- sampleTest.SampleTest -->
    </test> <!-- Default test -->
  </suite> <!-- Default suite -->
</testng-results>
